Determining if the pthread_create exist failed with the following output:
Change Dir: /home/auv/software/multipleViewRectification/cmake-build-debug/CMakeFiles/CMakeTmp

Run Build Command(s):/usr/bin/make cmTC_48854/fast 
make[1]: Entering directory '/home/auv/software/multipleViewRectification/cmake-build-debug/CMakeFiles/CMakeTmp'
/usr/bin/make -f CMakeFiles/cmTC_48854.dir/build.make CMakeFiles/cmTC_48854.dir/build
make[2]: Entering directory '/home/auv/software/multipleViewRectification/cmake-build-debug/CMakeFiles/CMakeTmp'
Building C object CMakeFiles/cmTC_48854.dir/CheckSymbolExists.c.o
/usr/bin/cc   -fPIC    -o CMakeFiles/cmTC_48854.dir/CheckSymbolExists.c.o   -c /home/auv/software/multipleViewRectification/cmake-build-debug/CMakeFiles/CMakeTmp/CheckSymbolExists.c
Linking C executable cmTC_48854
/home/auv/software/clion-2018.3.1/bin/cmake/linux/bin/cmake -E cmake_link_script CMakeFiles/cmTC_48854.dir/link.txt --verbose=1
/usr/bin/cc -fPIC     CMakeFiles/cmTC_48854.dir/CheckSymbolExists.c.o  -o cmTC_48854 
CMakeFiles/cmTC_48854.dir/CheckSymbolExists.c.o: In function `main':
CheckSymbolExists.c:(.text+0x1b): undefined reference to `pthread_create'
collect2: error: ld returned 1 exit status
CMakeFiles/cmTC_48854.dir/build.make:86: recipe for target 'cmTC_48854' failed
make[2]: *** [cmTC_48854] Error 1
make[2]: Leaving directory '/home/auv/software/multipleViewRectification/cmake-build-debug/CMakeFiles/CMakeTmp'
Makefile:121: recipe for target 'cmTC_48854/fast' failed
make[1]: *** [cmTC_48854/fast] Error 2
make[1]: Leaving directory '/home/auv/software/multipleViewRectification/cmake-build-debug/CMakeFiles/CMakeTmp'

File /home/auv/software/multipleViewRectification/cmake-build-debug/CMakeFiles/CMakeTmp/CheckSymbolExists.c:
/* */
#include <pthread.h>

int main(int argc, char** argv)
{
  (void)argv;
#ifndef pthread_create
  return ((int*)(&pthread_create))[argc];
#else
  (void)argc;
  return 0;
#endif
}

Determining if the function pthread_create exists in the pthreads failed with the following output:
Change Dir: /home/auv/software/multipleViewRectification/cmake-build-debug/CMakeFiles/CMakeTmp

Run Build Command(s):/usr/bin/make cmTC_0509c/fast 
make[1]: Entering directory '/home/auv/software/multipleViewRectification/cmake-build-debug/CMakeFiles/CMakeTmp'
/usr/bin/make -f CMakeFiles/cmTC_0509c.dir/build.make CMakeFiles/cmTC_0509c.dir/build
make[2]: Entering directory '/home/auv/software/multipleViewRectification/cmake-build-debug/CMakeFiles/CMakeTmp'
Building C object CMakeFiles/cmTC_0509c.dir/CheckFunctionExists.c.o
/usr/bin/cc   -fPIC -DCHECK_FUNCTION_EXISTS=pthread_create   -o CMakeFiles/cmTC_0509c.dir/CheckFunctionExists.c.o   -c /home/auv/software/clion-2018.3.1/bin/cmake/linux/share/cmake-3.14/Modules/CheckFunctionExists.c
Linking C executable cmTC_0509c
/home/auv/software/clion-2018.3.1/bin/cmake/linux/bin/cmake -E cmake_link_script CMakeFiles/cmTC_0509c.dir/link.txt --verbose=1
/usr/bin/cc -fPIC -DCHECK_FUNCTION_EXISTS=pthread_create    CMakeFiles/cmTC_0509c.dir/CheckFunctionExists.c.o  -o cmTC_0509c -lpthreads 
/usr/bin/ld: cannot find -lpthreads
collect2: error: ld returned 1 exit status
CMakeFiles/cmTC_0509c.dir/build.make:86: recipe for target 'cmTC_0509c' failed
make[2]: *** [cmTC_0509c] Error 1
make[2]: Leaving directory '/home/auv/software/multipleViewRectification/cmake-build-debug/CMakeFiles/CMakeTmp'
Makefile:121: recipe for target 'cmTC_0509c/fast' failed
make[1]: *** [cmTC_0509c/fast] Error 2
make[1]: Leaving directory '/home/auv/software/multipleViewRectification/cmake-build-debug/CMakeFiles/CMakeTmp'


Performing C SOURCE FILE Test CMAKE_HAVE_LIBC_PTHREAD failed with the following output:
Change Dir: /home/auv/software/multipleViewRectification/cmake-build-debug/CMakeFiles/CMakeTmp

Run Build Command(s):/usr/bin/make cmTC_92d23/fast && /usr/bin/make -f CMakeFiles/cmTC_92d23.dir/build.make CMakeFiles/cmTC_92d23.dir/build
make[1]: Entering directory '/home/auv/software/multipleViewRectification/cmake-build-debug/CMakeFiles/CMakeTmp'
Building C object CMakeFiles/cmTC_92d23.dir/src.c.o
/usr/bin/cc   -fPIC -DCMAKE_HAVE_LIBC_PTHREAD   -o CMakeFiles/cmTC_92d23.dir/src.c.o   -c /home/auv/software/multipleViewRectification/cmake-build-debug/CMakeFiles/CMakeTmp/src.c
Linking C executable cmTC_92d23
/home/auv/software/clion-2020.1.2/bin/cmake/linux/bin/cmake -E cmake_link_script CMakeFiles/cmTC_92d23.dir/link.txt --verbose=1
/usr/bin/cc -fPIC -DCMAKE_HAVE_LIBC_PTHREAD    CMakeFiles/cmTC_92d23.dir/src.c.o  -o cmTC_92d23 
CMakeFiles/cmTC_92d23.dir/src.c.o: In function `main':
src.c:(.text+0x3e): undefined reference to `pthread_create'
src.c:(.text+0x4a): undefined reference to `pthread_detach'
src.c:(.text+0x5b): undefined reference to `pthread_join'
src.c:(.text+0x6f): undefined reference to `pthread_atfork'
collect2: error: ld returned 1 exit status
CMakeFiles/cmTC_92d23.dir/build.make:86: recipe for target 'cmTC_92d23' failed
make[1]: *** [cmTC_92d23] Error 1
make[1]: Leaving directory '/home/auv/software/multipleViewRectification/cmake-build-debug/CMakeFiles/CMakeTmp'
Makefile:121: recipe for target 'cmTC_92d23/fast' failed
make: *** [cmTC_92d23/fast] Error 2


Source file was:
#include <pthread.h>

void* test_func(void* data)
{
  return data;
}

int main(void)
{
  pthread_t thread;
  pthread_create(&thread, NULL, test_func, NULL);
  pthread_detach(thread);
  pthread_join(thread, NULL);
  pthread_atfork(NULL, NULL, NULL);
  pthread_exit(NULL);

  return 0;
}

